current directory: /Users/javier/projects/lazyexpense/trackmyexpensive/vendor/bundle/ruby/2.4.0/gems/puma-3.6.2/ext/puma_http11
/Users/javier/.rvm/rubies/ruby-2.4.0/bin/ruby -r ./siteconf20170304-67636-10d2uhq.rb extconf.rb
checking for BIO_read() in -lcrypto... yes
checking for SSL_CTX_new() in -lssl... yes
checking for openssl/bio.h... yes
creating Makefile

current directory: /Users/javier/projects/lazyexpense/trackmyexpensive/vendor/bundle/ruby/2.4.0/gems/puma-3.6.2/ext/puma_http11
make "DESTDIR=" clean

current directory: /Users/javier/projects/lazyexpense/trackmyexpensive/vendor/bundle/ruby/2.4.0/gems/puma-3.6.2/ext/puma_http11
make "DESTDIR="
compiling http11_parser.c
ext/puma_http11/http11_parser.rl:111:17: warning: comparison of integers of different signs: 'long' and 'unsigned long' [-Wsign-compare]
  assert(pe - p == len - off && "pointers aren't same distance");
         ~~~~~~ ^  ~~~~~~~~~
/usr/include/assert.h:93:25: note: expanded from macro 'assert'
    (__builtin_expect(!(e), 0) ? __assert_rtn(__func__, __FILE__, __LINE__, #e) : (void)0)
                        ^
ext/puma_http11/http11_parser.c:43:18: warning: unused variable 'puma_parser_en_main' [-Wunused-const-variable]
static const int puma_parser_en_main = 1;
                 ^
2 warnings generated.
compiling io_buffer.c
compiling mini_ssl.c
mini_ssl.c:90:5: error: incomplete definition of type 'struct dh_st'
  dh->p = BN_bin2bn(dh1024_p, sizeof(dh1024_p), NULL);
  ~~^
/usr/local/opt/openssl@1.1/include/openssl/ossl_typ.h:104:16: note: forward declaration of 'struct dh_st'
typedef struct dh_st DH;
               ^
mini_ssl.c:91:5: error: incomplete definition of type 'struct dh_st'
  dh->g = BN_bin2bn(dh1024_g, sizeof(dh1024_g), NULL);
  ~~^
/usr/local/opt/openssl@1.1/include/openssl/ossl_typ.h:104:16: note: forward declaration of 'struct dh_st'
typedef struct dh_st DH;
               ^
mini_ssl.c:93:10: error: incomplete definition of type 'struct dh_st'
  if ((dh->p == NULL) || (dh->g == NULL)) {
       ~~^
/usr/local/opt/openssl@1.1/include/openssl/ossl_typ.h:104:16: note: forward declaration of 'struct dh_st'
typedef struct dh_st DH;
               ^
mini_ssl.c:93:29: error: incomplete definition of type 'struct dh_st'
  if ((dh->p == NULL) || (dh->g == NULL)) {
                          ~~^
/usr/local/opt/openssl@1.1/include/openssl/ossl_typ.h:104:16: note: forward declaration of 'struct dh_st'
typedef struct dh_st DH;
               ^
mini_ssl.c:197:27: warning: 'DTLSv1_method' is deprecated [-Wdeprecated-declarations]
  conn->ctx = SSL_CTX_new(DTLSv1_method());
                          ^
/usr/local/opt/openssl@1.1/include/openssl/ssl.h:1614:45: note: 'DTLSv1_method' has been explicitly marked deprecated here
DEPRECATEDIN_1_1_0(__owur const SSL_METHOD *DTLSv1_method(void)) /* DTLSv1.0 */
                                            ^
mini_ssl.c:233:20: warning: implicit conversion loses integer precision: 'long' to 'int' [-Wshorten-64-to-32]
  int verify_err = SSL_get_verify_result(ssl);
      ~~~~~~~~~~   ^~~~~~~~~~~~~~~~~~~~~~~~~~
mini_ssl.c:246:13: warning: implicit conversion loses integer precision: 'unsigned long' to 'int' [-Wshorten-64-to-32]
      err = ERR_get_error();
          ~ ^~~~~~~~~~~~~~~
mini_ssl.c:332:11: warning: unused variable 'err' [-Wunused-variable]
  int ok, err;
          ^
mini_ssl.c:333:8: warning: unused variable 'buf' [-Wunused-variable]
  char buf[512];
       ^
mini_ssl.c:350:8: warning: unused variable 'buf' [-Wunused-variable]
  char buf[512];
       ^
mini_ssl.c:349:11: warning: unused variable 'err' [-Wunused-variable]
  int ok, err;
          ^
mini_ssl.c:349:7: warning: unused variable 'ok' [-Wunused-variable]
  int ok, err;
      ^
8 warnings and 4 errors generated.
make: *** [mini_ssl.o] Error 1

make failed, exit code 2
